<?xml version="1.0" encoding="UTF-8"?>
<testsuite xmlns:xsi="http://www.w3.org/2001/XMLSchema-instance" xsi:noNamespaceSchemaLocation="https://maven.apache.org/surefire/maven-surefire-plugin/xsd/surefire-test-report.xsd" name="TestSuite" time="1,341.619" tests="58" errors="0" skipped="0" failures="2">
  <properties>
[...]
</properties>
  <testcase name="TC_01_Search_With_Product_Name" classname="com.nopcommerce.admin.TC_01_Catalog_Products" time="4.046"/>
  <testcase name="TC_02_Search_With_Product_Name_ParentsCatalogue_Unchecked" classname="com.nopcommerce.admin.TC_01_Catalog_Products" time="5.84"/>
  <testcase name="TC_03_Search_With_Product_Name_ParentsCatalogue_Checked" classname="com.nopcommerce.admin.TC_01_Catalog_Products" time="5.892"/>
  <testcase name="TC_04_Search_With_Product_Name_ChildCatalogue" classname="com.nopcommerce.admin.TC_01_Catalog_Products" time="7.298"/>
  <testcase name="TC_05_Search_With_Product_Name_Manufacturer" classname="com.nopcommerce.admin.TC_01_Catalog_Products" time="7.363"/>
  <testcase name="TC_06_Go_product_SKU" classname="com.nopcommerce.admin.TC_01_Catalog_Products" time="9.895"/>
  <testcase name="TC_01_Create_New_Customer" classname="com.nopcommerce.admin.TC_02_Customers" time="36.878"/>
  <testcase name="TC_02_Search_Cusomer_With_Email" classname="com.nopcommerce.admin.TC_02_Customers" time="13.944"/>
  <testcase name="TC_03_Search_Cusomer_With_FirstName_LastName" classname="com.nopcommerce.admin.TC_02_Customers" time="15.055"/>
  <testcase name="TC_04_Search_Cusomer_With_Company" classname="com.nopcommerce.admin.TC_02_Customers" time="14.444"/>
  <testcase name="TC_05_Search_Cusomer_With_Full_Data" classname="com.nopcommerce.admin.TC_02_Customers" time="15.552"/>
  <testcase name="TC_06_Edit_Customer" classname="com.nopcommerce.admin.TC_02_Customers" time="23.378"/>
  <testcase name="TC_07_Add_New_Address" classname="com.nopcommerce.admin.TC_02_Customers" time="22.872"/>
  <testcase name="TC_08_Edit_Address" classname="com.nopcommerce.admin.TC_02_Customers" time="38.363"/>
  <testcase name="TC_09_Delete_Address" classname="com.nopcommerce.admin.TC_02_Customers" time="21.927"/>
  <testcase name="Register_01_Empty_Data" classname="com.nopcommerce.register.TC_01_Register" time="1.084"/>
  <testcase name="Register_02_Invalid_Email" classname="com.nopcommerce.register.TC_01_Register" time="1.07"/>
  <testcase name="Register_03_Valid_Infomation" classname="com.nopcommerce.register.TC_01_Register" time="5.759"/>
  <testcase name="Register_04_Exist_Email" classname="com.nopcommerce.register.TC_01_Register" time="1.046"/>
  <testcase name="Register_05_InValid_Password" classname="com.nopcommerce.register.TC_01_Register" time="0.821"/>
  <testcase name="Register_06_Not_Match_Password" classname="com.nopcommerce.register.TC_01_Register" time="0.889"/>
  <testcase name="Wishlist_01_Add_To_Wishlist" classname="com.nopcommerce.wishlist.TC_01_Add_To_Wishlist" time="8.837"/>
  <testcase name="Login_01_Login_Empty_Data" classname="com.nopcommerce.login.TC_01_Login" time="0.567"/>
  <testcase name="Login_02_Login_Invalid_Email" classname="com.nopcommerce.login.TC_01_Login" time="0.574"/>
  <testcase name="Login_03_Login_Not_Register_Email" classname="com.nopcommerce.login.TC_01_Login" time="0.781"/>
  <testcase name="Login_04_Empty_Password" classname="com.nopcommerce.login.TC_01_Login" time="0.68"/>
  <testcase name="Login_05_Login_Invalid_Password" classname="com.nopcommerce.login.TC_01_Login" time="0.722"/>
  <testcase name="Login_06_Login_Success" classname="com.nopcommerce.login.TC_01_Login" time="2.002"/>
  <testcase name="Add_To_Cart_01" classname="com.nopcommerce.wishlist.TC_02_Add_To_Cart" time="10.997"/>
  <testcase name="Remove_Product_01" classname="com.nopcommerce.wishlist.TC_03_Remove_Product" time="77.742"/>
  <testcase name="Add_To_Compare_01" classname="com.nopcommerce.wishlist.TC_04_Add_To_Compare" time="262.887"/>
  <testcase name="Add_To_Cart_01" classname="com.nopcommerce.wishlist.TC_05_Recently_Viewed_Product" time="14.889"/>
  <testcase name="My_Account_01_Customer_Info" classname="com.nopcommerce.myaccount.TC_01_Customer_Info" time="9.237"/>
  <testcase name="My_Account_02_Addresses" classname="com.nopcommerce.myaccount.TC_02_Add_Addresses" time="10.14"/>
  <testcase name="Change_Password_01" classname="com.nopcommerce.myaccount.TC_03_Change_Password" time="12.619"/>
  <testcase name="My_Product_Review_01" classname="com.nopcommerce.myaccount.TC_04_My_Product_Review" time="12.213"/>
  <testcase name="Search_01_Empty_Data" classname="com.nopcommerce.search.TC_01_Search_Advanced_Search" time="5.985"/>
  <testcase name="Search_02_Not_Exist_Data" classname="com.nopcommerce.search.TC_01_Search_Advanced_Search" time="0.646"/>
  <testcase name="TC_03_Product_Name_Relative" classname="com.nopcommerce.search.TC_01_Search_Advanced_Search" time="1.695"/>
  <testcase name="TC_04_Product_Name_Absolute" classname="com.nopcommerce.search.TC_01_Search_Advanced_Search" time="1.367"/>
  <testcase name="TC_05_Parent_Categories" classname="com.nopcommerce.search.TC_01_Search_Advanced_Search" time="2.513"/>
  <testcase name="TC_06_Product_Sub_Categories" classname="com.nopcommerce.search.TC_01_Search_Advanced_Search" time="2.185"/>
  <testcase name="TC_07_Incorrect_Manufactuner" classname="com.nopcommerce.search.TC_01_Search_Advanced_Search" time="2.557"/>
  <testcase name="TC_08_Correct_Manufactuner" classname="com.nopcommerce.search.TC_01_Search_Advanced_Search" time="2.419"/>
  <testcase name="TC_01_Sort_By_Name_A_Z" classname="com.nopcommerce.sort.TC_01_Sort_Display_Paging" time="2.379"/>
  <testcase name="TC_02_Sort_By_Name_Z_A" classname="com.nopcommerce.sort.TC_01_Sort_Display_Paging" time="2.37"/>
  <testcase name="TC_03_Sort_By_Price_Low_To_Hight" classname="com.nopcommerce.sort.TC_01_Sort_Display_Paging" time="2.397"/>
  <testcase name="TC_04_Sort_By_Price_Hight_To_Low" classname="com.nopcommerce.sort.TC_01_Sort_Display_Paging" time="2.403"/>
  <testcase name="TC_05_Display_Three_Per_Page" classname="com.nopcommerce.sort.TC_01_Sort_Display_Paging" time="3.521"/>
  <testcase name="TC_06_Display_Six_Per_Page" classname="com.nopcommerce.sort.TC_01_Sort_Display_Paging" time="68.492"/>
  <testcase name="TC_07_Display_Nine_Per_Page" classname="com.nopcommerce.sort.TC_01_Sort_Display_Paging" time="38.551"/>
  <testcase name="TC_01_Add_Product_To_Cart" classname="com.nopcommerce.order.TC_01_Add_Product_To_Cart" time="7.004"/>
  <testcase name="TC_02_Edit_Product_To_Cart" classname="com.nopcommerce.order.TC_01_Add_Product_To_Cart" time="22.437"/>
  <testcase name="TC_03_Remove_from_Cart" classname="com.nopcommerce.order.TC_01_Add_Product_To_Cart" time="67.965"/>
  <testcase name="TC_01_Update_Shopping_Cart" classname="com.nopcommerce.order.TC_02_Update_Shopping_Cart" time="13.691"/>
  <testcase name="TC_01_Checkout_Order_Method_Card" classname="com.nopcommerce.order.TC_05_Checkout_Order_Payment_Method_Card" time="92.551"/>
  <testcase name="TC_01_Checkout_Method_Cheque" classname="com.nopcommerce.order.TC_06_Checkout_Order_Payment_Method_Cheque" time="36.484">
    <failure message="Expected condition failed: waiting for element to be clickable: By.xpath: //select[@name=&apos;CountryId&apos;] (tried for 30 second(s) with 500 milliseconds interval)&#10;Build info: version: &apos;3.141.59&apos;, revision: &apos;e82be7d358&apos;, time: &apos;2018-11-14T08:17:03&apos;&#10;System info: host: &apos;DESKTOP-E6N9TK3&apos;, ip: &apos;192.168.1.59&apos;, os.name: &apos;Windows 10&apos;, os.arch: &apos;amd64&apos;, os.version: &apos;10.0&apos;, java.version: &apos;1.8.0_271&apos;&#10;Driver info: org.openqa.selenium.firefox.FirefoxDriver&#10;Capabilities {acceptInsecureCerts: true, browserName: firefox, browserVersion: 93.0, javascriptEnabled: true, moz:accessibilityChecks: false, moz:buildID: 20210927210923, moz:geckodriverVersion: 0.30.0, moz:headless: false, moz:processID: 12252, moz:profile: C:\Users\Admin\AppData\Loca..., moz:shutdownTimeout: 60000, moz:useNonSpecCompliantPointerOrigin: false, moz:webdriverClick: true, pageLoadStrategy: normal, platform: WINDOWS, platformName: WINDOWS, platformVersion: 10.0, proxy: Proxy(), setWindowRect: true, strictFileInteractability: false, timeouts: {implicit: 0, pageLoad: 300000, script: 30000}, unhandledPromptBehavior: dismiss and notify}&#10;Session ID: 7850dd01-3b92-46a2-a931-dcd7b608baa9" type="org.openqa.selenium.TimeoutException">org.openqa.selenium.TimeoutException: 
Expected condition failed: waiting for element to be clickable: By.xpath: //select[@name='CountryId'] (tried for 30 second(s) with 500 milliseconds interval)
Build info: version: '3.141.59', revision: 'e82be7d358', time: '2018-11-14T08:17:03'
System info: host: 'DESKTOP-E6N9TK3', ip: '192.168.1.59', os.name: 'Windows 10', os.arch: 'amd64', os.version: '10.0', java.version: '1.8.0_271'
Driver info: org.openqa.selenium.firefox.FirefoxDriver
Capabilities {acceptInsecureCerts: true, browserName: firefox, browserVersion: 93.0, javascriptEnabled: true, moz:accessibilityChecks: false, moz:buildID: 20210927210923, moz:geckodriverVersion: 0.30.0, moz:headless: false, moz:processID: 12252, moz:profile: C:\Users\Admin\AppData\Loca..., moz:shutdownTimeout: 60000, moz:useNonSpecCompliantPointerOrigin: false, moz:webdriverClick: true, pageLoadStrategy: normal, platform: WINDOWS, platformName: WINDOWS, platformVersion: 10.0, proxy: Proxy(), setWindowRect: true, strictFileInteractability: false, timeouts: {implicit: 0, pageLoad: 300000, script: 30000}, unhandledPromptBehavior: dismiss and notify}
Session ID: 7850dd01-3b92-46a2-a931-dcd7b608baa9
	at com.nopcommerce.order.TC_06_Checkout_Order_Payment_Method_Cheque.TC_01_Checkout_Method_Cheque(TC_06_Checkout_Order_Payment_Method_Cheque.java:102)
</failure>
    <system-err><![CDATA[Nov 02, 2021 5:44:37 PM org.openqa.selenium.remote.ProtocolHandshake createSession
INFO: Detected dialect: W3C
]]></system-err>
  </testcase>
  <testcase name="TC_01_Re_Order" classname="com.nopcommerce.order.TC_07_Re_Order" time="36.876">
    <failure message="Expected condition failed: waiting for element to be clickable: By.xpath: //select[@name=&apos;CountryId&apos;] (tried for 30 second(s) with 500 milliseconds interval)&#10;Build info: version: &apos;3.141.59&apos;, revision: &apos;e82be7d358&apos;, time: &apos;2018-11-14T08:17:03&apos;&#10;System info: host: &apos;DESKTOP-E6N9TK3&apos;, ip: &apos;192.168.1.59&apos;, os.name: &apos;Windows 10&apos;, os.arch: &apos;amd64&apos;, os.version: &apos;10.0&apos;, java.version: &apos;1.8.0_271&apos;&#10;Driver info: org.openqa.selenium.firefox.FirefoxDriver&#10;Capabilities {acceptInsecureCerts: true, browserName: firefox, browserVersion: 93.0, javascriptEnabled: true, moz:accessibilityChecks: false, moz:buildID: 20210927210923, moz:geckodriverVersion: 0.30.0, moz:headless: false, moz:processID: 22484, moz:profile: C:\Users\Admin\AppData\Loca..., moz:shutdownTimeout: 60000, moz:useNonSpecCompliantPointerOrigin: false, moz:webdriverClick: true, pageLoadStrategy: normal, platform: WINDOWS, platformName: WINDOWS, platformVersion: 10.0, proxy: Proxy(), setWindowRect: true, strictFileInteractability: false, timeouts: {implicit: 0, pageLoad: 300000, script: 30000}, unhandledPromptBehavior: dismiss and notify}&#10;Session ID: 28ac90a1-3862-4c9b-860f-81dc4986cbff" type="org.openqa.selenium.TimeoutException">org.openqa.selenium.TimeoutException: 
Expected condition failed: waiting for element to be clickable: By.xpath: //select[@name='CountryId'] (tried for 30 second(s) with 500 milliseconds interval)
Build info: version: '3.141.59', revision: 'e82be7d358', time: '2018-11-14T08:17:03'
System info: host: 'DESKTOP-E6N9TK3', ip: '192.168.1.59', os.name: 'Windows 10', os.arch: 'amd64', os.version: '10.0', java.version: '1.8.0_271'
Driver info: org.openqa.selenium.firefox.FirefoxDriver
Capabilities {acceptInsecureCerts: true, browserName: firefox, browserVersion: 93.0, javascriptEnabled: true, moz:accessibilityChecks: false, moz:buildID: 20210927210923, moz:geckodriverVersion: 0.30.0, moz:headless: false, moz:processID: 22484, moz:profile: C:\Users\Admin\AppData\Loca..., moz:shutdownTimeout: 60000, moz:useNonSpecCompliantPointerOrigin: false, moz:webdriverClick: true, pageLoadStrategy: normal, platform: WINDOWS, platformName: WINDOWS, platformVersion: 10.0, proxy: Proxy(), setWindowRect: true, strictFileInteractability: false, timeouts: {implicit: 0, pageLoad: 300000, script: 30000}, unhandledPromptBehavior: dismiss and notify}
Session ID: 28ac90a1-3862-4c9b-860f-81dc4986cbff
	at com.nopcommerce.order.TC_07_Re_Order.TC_01_Re_Order(TC_07_Re_Order.java:105)
</failure>
    <system-err><![CDATA[Nov 02, 2021 5:45:22 PM org.openqa.selenium.remote.ProtocolHandshake createSession
INFO: Detected dialect: W3C
]]></system-err>
  </testcase>
</testsuite>