<?xml version="1.0" encoding="UTF-8"?>
<testsuite name="Run on FIREFOX"
           tests="3"
           failures="0"
           errors="0"
           skipped="0"
           time="97.405">
  <properties />
  
  
            <testcase name="TC_01_Add_Product_To_Cart" time="7.004" classname="com.nopcommerce.order.TC_01_Add_Product_To_Cart" />
                <testcase name="TC_03_Remove_from_Cart" time="67.965" classname="com.nopcommerce.order.TC_01_Add_Product_To_Cart" />
                <testcase name="TC_02_Edit_Product_To_Cart" time="22.436" classname="com.nopcommerce.order.TC_01_Add_Product_To_Cart" />
      
</testsuite>
