<?xml version="1.0" encoding="UTF-8"?>
<testsuite name="Run on FIREFOX"
           tests="7"
           failures="0"
           errors="0"
           skipped="0"
           time="120.110">
  <properties />
  
  
            <testcase name="TC_03_Sort_By_Price_Low_To_Hight" time="2.396" classname="com.nopcommerce.sort.TC_01_Sort_Display_Paging" />
                <testcase name="TC_05_Display_Three_Per_Page" time="3.521" classname="com.nopcommerce.sort.TC_01_Sort_Display_Paging" />
                <testcase name="TC_02_Sort_By_Name_Z_A" time="2.369" classname="com.nopcommerce.sort.TC_01_Sort_Display_Paging" />
                <testcase name="TC_06_Display_Six_Per_Page" time="68.492" classname="com.nopcommerce.sort.TC_01_Sort_Display_Paging" />
                <testcase name="TC_01_Sort_By_Name_A_Z" time="2.379" classname="com.nopcommerce.sort.TC_01_Sort_Display_Paging" />
                <testcase name="TC_07_Display_Nine_Per_Page" time="38.550" classname="com.nopcommerce.sort.TC_01_Sort_Display_Paging" />
                <testcase name="TC_04_Sort_By_Price_Hight_To_Low" time="2.403" classname="com.nopcommerce.sort.TC_01_Sort_Display_Paging" />
      
</testsuite>
